c:\users\29965\documents\vsdemo\cuda\cudademo\cudademo\x64\debug\cudabasictest.cu.obj
c:\users\29965\documents\vsdemo\cuda\cudademo\cudademo\x64\debug\cudaevent.cu.obj
c:\users\29965\documents\vsdemo\cuda\cudademo\cudademo\x64\debug\cudagraphtest.cu.obj
c:\users\29965\documents\vsdemo\cuda\cudademo\cudademo\x64\debug\cudauserobject.cu.obj
c:\users\29965\documents\vsdemo\cuda\cudademo\cudademo\x64\debug\deviceinfo.cu.obj
c:\users\29965\documents\vsdemo\cuda\cudademo\cudademo\x64\debug\maintest.cu.obj
c:\users\29965\documents\vsdemo\cuda\cudademo\cudademo\x64\debug\matrixoperationtest.cu.obj
c:\users\29965\documents\vsdemo\cuda\cudademo\cudademo\x64\debug\streamtest.cu.obj
c:\users\29965\documents\vsdemo\cuda\cudademo\cudademo\x64\debug\texturesurfacememory.cpp.obj
c:\users\29965\documents\vsdemo\cuda\cudademo\cudademo\x64\debug\cudabasictest.cu.cache
c:\users\29965\documents\vsdemo\cuda\cudademo\cudademo\x64\debug\cudaevent.cu.cache
c:\users\29965\documents\vsdemo\cuda\cudademo\cudademo\x64\debug\cudagraphtest.cu.cache
c:\users\29965\documents\vsdemo\cuda\cudademo\cudademo\x64\debug\cudauserobject.cu.cache
c:\users\29965\documents\vsdemo\cuda\cudademo\cudademo\x64\debug\deviceinfo.cu.cache
c:\users\29965\documents\vsdemo\cuda\cudademo\cudademo\x64\debug\maintest.cu.cache
c:\users\29965\documents\vsdemo\cuda\cudademo\cudademo\x64\debug\matrixoperationtest.cu.cache
c:\users\29965\documents\vsdemo\cuda\cudademo\cudademo\x64\debug\streamtest.cu.cache
c:\users\29965\documents\vsdemo\cuda\cudademo\cudademo\x64\debug\texturesurfacememory.cpp.cache
c:\users\29965\documents\vsdemo\cuda\cudademo\cudademo\x64\debug\vc142.pdb
c:\users\29965\documents\vsdemo\cuda\cudademo\cudademo\x64\debug\cudademo.tlog\cudacompile.read.1u.tlog
c:\users\29965\documents\vsdemo\cuda\cudademo\cudademo\x64\debug\cudademo.tlog\cudacompile.write.1u.tlog
